[Wed Mar 04 21:28:44 MST 2020] - INFO passoff.ServerTest: 	Setting up Persistence Test...
[Wed Mar 04 21:28:44 MST 2020] - INFO client.Proxy: 	Clear called
[Wed Mar 04 21:28:44 MST 2020] - INFO client.Client: 	Post without Request Body called
[Wed Mar 04 21:28:44 MST 2020] - INFO client.Client: 	Attempting to open connection to server
[Wed Mar 04 21:28:44 MST 2020] - INFO client.Client: 	Connection opened to server
[Wed Mar 04 21:28:44 MST 2020] - INFO client.Client: 	Setting request method to POST
[Wed Mar 04 21:28:44 MST 2020] - INFO client.Client: 	Request method set to POST
[Wed Mar 04 21:28:44 MST 2020] - INFO client.Client: 	Setting Do Output to true
[Wed Mar 04 21:28:44 MST 2020] - INFO client.Client: 	Do Output set to true
[Wed Mar 04 21:28:44 MST 2020] - INFO client.Client: 	Connecting to server
[Wed Mar 04 21:28:45 MST 2020] - INFO passoff.ServerTest: 	Setting up File Handler Default Test...
[Wed Mar 04 21:28:45 MST 2020] - INFO client.Proxy: 	Clear called
[Wed Mar 04 21:28:45 MST 2020] - INFO client.Client: 	Post without Request Body called
[Wed Mar 04 21:28:45 MST 2020] - INFO client.Client: 	Attempting to open connection to server
[Wed Mar 04 21:28:45 MST 2020] - INFO client.Client: 	Connection opened to server
[Wed Mar 04 21:28:45 MST 2020] - INFO client.Client: 	Setting request method to POST
[Wed Mar 04 21:28:45 MST 2020] - INFO client.Client: 	Request method set to POST
[Wed Mar 04 21:28:45 MST 2020] - INFO client.Client: 	Setting Do Output to true
[Wed Mar 04 21:28:45 MST 2020] - INFO client.Client: 	Do Output set to true
[Wed Mar 04 21:28:45 MST 2020] - INFO client.Client: 	Connecting to server
[Wed Mar 04 21:28:46 MST 2020] - INFO passoff.ServerTest: 	Setting up Realistic Fill Death Test...
[Wed Mar 04 21:28:46 MST 2020] - INFO client.Proxy: 	Clear called
[Wed Mar 04 21:28:46 MST 2020] - INFO client.Client: 	Post without Request Body called
[Wed Mar 04 21:28:46 MST 2020] - INFO client.Client: 	Attempting to open connection to server
[Wed Mar 04 21:28:46 MST 2020] - INFO client.Client: 	Connection opened to server
[Wed Mar 04 21:28:46 MST 2020] - INFO client.Client: 	Setting request method to POST
[Wed Mar 04 21:28:46 MST 2020] - INFO client.Client: 	Request method set to POST
[Wed Mar 04 21:28:46 MST 2020] - INFO client.Client: 	Setting Do Output to true
[Wed Mar 04 21:28:46 MST 2020] - INFO client.Client: 	Do Output set to true
[Wed Mar 04 21:28:46 MST 2020] - INFO client.Client: 	Connecting to server
[Wed Mar 04 21:28:48 MST 2020] - INFO passoff.ServerTest: 	Setting up Login Invalid User Test...
[Wed Mar 04 21:28:48 MST 2020] - INFO client.Proxy: 	Clear called
[Wed Mar 04 21:28:48 MST 2020] - INFO client.Client: 	Post without Request Body called
[Wed Mar 04 21:28:48 MST 2020] - INFO client.Client: 	Attempting to open connection to server
[Wed Mar 04 21:28:48 MST 2020] - INFO client.Client: 	Connection opened to server
[Wed Mar 04 21:28:48 MST 2020] - INFO client.Client: 	Setting request method to POST
[Wed Mar 04 21:28:48 MST 2020] - INFO client.Client: 	Request method set to POST
[Wed Mar 04 21:28:48 MST 2020] - INFO client.Client: 	Setting Do Output to true
[Wed Mar 04 21:28:48 MST 2020] - INFO client.Client: 	Do Output set to true
[Wed Mar 04 21:28:48 MST 2020] - INFO client.Client: 	Connecting to server
[Wed Mar 04 21:28:49 MST 2020] - INFO passoff.ServerTest: 	Setting up Load Valid Info Test...
[Wed Mar 04 21:28:49 MST 2020] - INFO client.Proxy: 	Clear called
[Wed Mar 04 21:28:49 MST 2020] - INFO client.Client: 	Post without Request Body called
[Wed Mar 04 21:28:49 MST 2020] - INFO client.Client: 	Attempting to open connection to server
[Wed Mar 04 21:28:49 MST 2020] - INFO client.Client: 	Connection opened to server
[Wed Mar 04 21:28:49 MST 2020] - INFO client.Client: 	Setting request method to POST
[Wed Mar 04 21:28:49 MST 2020] - INFO client.Client: 	Request method set to POST
[Wed Mar 04 21:28:49 MST 2020] - INFO client.Client: 	Setting Do Output to true
[Wed Mar 04 21:28:49 MST 2020] - INFO client.Client: 	Do Output set to true
[Wed Mar 04 21:28:49 MST 2020] - INFO client.Client: 	Connecting to server
[Wed Mar 04 21:28:50 MST 2020] - INFO passoff.ServerTest: 	Setting up Valid Fill Relationships Test...
[Wed Mar 04 21:28:50 MST 2020] - INFO client.Proxy: 	Clear called
[Wed Mar 04 21:28:50 MST 2020] - INFO client.Client: 	Post without Request Body called
[Wed Mar 04 21:28:50 MST 2020] - INFO client.Client: 	Attempting to open connection to server
[Wed Mar 04 21:28:50 MST 2020] - INFO client.Client: 	Connection opened to server
[Wed Mar 04 21:28:50 MST 2020] - INFO client.Client: 	Setting request method to POST
[Wed Mar 04 21:28:50 MST 2020] - INFO client.Client: 	Request method set to POST
[Wed Mar 04 21:28:50 MST 2020] - INFO client.Client: 	Setting Do Output to true
[Wed Mar 04 21:28:50 MST 2020] - INFO client.Client: 	Do Output set to true
[Wed Mar 04 21:28:50 MST 2020] - INFO client.Client: 	Connecting to server
[Wed Mar 04 21:28:51 MST 2020] - INFO passoff.ServerTest: 	Setting up Events Bad Auth Token Test...
[Wed Mar 04 21:28:51 MST 2020] - INFO client.Proxy: 	Clear called
[Wed Mar 04 21:28:51 MST 2020] - INFO client.Client: 	Post without Request Body called
[Wed Mar 04 21:28:51 MST 2020] - INFO client.Client: 	Attempting to open connection to server
[Wed Mar 04 21:28:51 MST 2020] - INFO client.Client: 	Connection opened to server
[Wed Mar 04 21:28:51 MST 2020] - INFO client.Client: 	Setting request method to POST
[Wed Mar 04 21:28:51 MST 2020] - INFO client.Client: 	Request method set to POST
[Wed Mar 04 21:28:51 MST 2020] - INFO client.Client: 	Setting Do Output to true
[Wed Mar 04 21:28:51 MST 2020] - INFO client.Client: 	Do Output set to true
[Wed Mar 04 21:28:51 MST 2020] - INFO client.Client: 	Connecting to server
[Wed Mar 04 21:28:52 MST 2020] - INFO passoff.ServerTest: 	Setting up Clear Test...
[Wed Mar 04 21:28:52 MST 2020] - INFO client.Proxy: 	Clear called
[Wed Mar 04 21:28:52 MST 2020] - INFO client.Client: 	Post without Request Body called
[Wed Mar 04 21:28:52 MST 2020] - INFO client.Client: 	Attempting to open connection to server
[Wed Mar 04 21:28:52 MST 2020] - INFO client.Client: 	Connection opened to server
[Wed Mar 04 21:28:52 MST 2020] - INFO client.Client: 	Setting request method to POST
[Wed Mar 04 21:28:52 MST 2020] - INFO client.Client: 	Request method set to POST
[Wed Mar 04 21:28:52 MST 2020] - INFO client.Client: 	Setting Do Output to true
[Wed Mar 04 21:28:52 MST 2020] - INFO client.Client: 	Do Output set to true
[Wed Mar 04 21:28:52 MST 2020] - INFO client.Client: 	Connecting to server
[Wed Mar 04 21:28:53 MST 2020] - INFO passoff.ServerTest: 	Setting up model.Event Bad Auth Token Test...
[Wed Mar 04 21:28:53 MST 2020] - INFO client.Proxy: 	Clear called
[Wed Mar 04 21:28:53 MST 2020] - INFO client.Client: 	Post without Request Body called
[Wed Mar 04 21:28:53 MST 2020] - INFO client.Client: 	Attempting to open connection to server
[Wed Mar 04 21:28:53 MST 2020] - INFO client.Client: 	Connection opened to server
[Wed Mar 04 21:28:53 MST 2020] - INFO client.Client: 	Setting request method to POST
[Wed Mar 04 21:28:53 MST 2020] - INFO client.Client: 	Request method set to POST
[Wed Mar 04 21:28:53 MST 2020] - INFO client.Client: 	Setting Do Output to true
[Wed Mar 04 21:28:53 MST 2020] - INFO client.Client: 	Do Output set to true
[Wed Mar 04 21:28:53 MST 2020] - INFO client.Client: 	Connecting to server
[Wed Mar 04 21:28:54 MST 2020] - INFO passoff.ServerTest: 	Setting up Realistic Fill Marriage Test...
[Wed Mar 04 21:28:54 MST 2020] - INFO client.Proxy: 	Clear called
[Wed Mar 04 21:28:54 MST 2020] - INFO client.Client: 	Post without Request Body called
[Wed Mar 04 21:28:54 MST 2020] - INFO client.Client: 	Attempting to open connection to server
[Wed Mar 04 21:28:54 MST 2020] - INFO client.Client: 	Connection opened to server
[Wed Mar 04 21:28:54 MST 2020] - INFO client.Client: 	Setting request method to POST
[Wed Mar 04 21:28:54 MST 2020] - INFO client.Client: 	Request method set to POST
[Wed Mar 04 21:28:54 MST 2020] - INFO client.Client: 	Setting Do Output to true
[Wed Mar 04 21:28:54 MST 2020] - INFO client.Client: 	Do Output set to true
[Wed Mar 04 21:28:54 MST 2020] - INFO client.Client: 	Connecting to server
[Wed Mar 04 21:28:55 MST 2020] - INFO passoff.ServerTest: 	Setting up model.Person Wrong User Test...
[Wed Mar 04 21:28:55 MST 2020] - INFO client.Proxy: 	Clear called
[Wed Mar 04 21:28:55 MST 2020] - INFO client.Client: 	Post without Request Body called
[Wed Mar 04 21:28:55 MST 2020] - INFO client.Client: 	Attempting to open connection to server
[Wed Mar 04 21:28:55 MST 2020] - INFO client.Client: 	Connection opened to server
[Wed Mar 04 21:28:55 MST 2020] - INFO client.Client: 	Setting request method to POST
[Wed Mar 04 21:28:55 MST 2020] - INFO client.Client: 	Request method set to POST
[Wed Mar 04 21:28:55 MST 2020] - INFO client.Client: 	Setting Do Output to true
[Wed Mar 04 21:28:55 MST 2020] - INFO client.Client: 	Do Output set to true
[Wed Mar 04 21:28:55 MST 2020] - INFO client.Client: 	Connecting to server
[Wed Mar 04 21:28:56 MST 2020] - INFO passoff.ServerTest: 	Setting up model.Person Bad Auth Token Test...
[Wed Mar 04 21:28:56 MST 2020] - INFO client.Proxy: 	Clear called
[Wed Mar 04 21:28:56 MST 2020] - INFO client.Client: 	Post without Request Body called
[Wed Mar 04 21:28:56 MST 2020] - INFO client.Client: 	Attempting to open connection to server
[Wed Mar 04 21:28:56 MST 2020] - INFO client.Client: 	Connection opened to server
[Wed Mar 04 21:28:56 MST 2020] - INFO client.Client: 	Setting request method to POST
[Wed Mar 04 21:28:56 MST 2020] - INFO client.Client: 	Request method set to POST
[Wed Mar 04 21:28:56 MST 2020] - INFO client.Client: 	Setting Do Output to true
[Wed Mar 04 21:28:56 MST 2020] - INFO client.Client: 	Do Output set to true
[Wed Mar 04 21:28:56 MST 2020] - INFO client.Client: 	Connecting to server
[Wed Mar 04 21:28:57 MST 2020] - INFO passoff.ServerTest: 	Setting up model.Event Valid Test...
[Wed Mar 04 21:28:57 MST 2020] - INFO client.Proxy: 	Clear called
[Wed Mar 04 21:28:57 MST 2020] - INFO client.Client: 	Post without Request Body called
[Wed Mar 04 21:28:57 MST 2020] - INFO client.Client: 	Attempting to open connection to server
[Wed Mar 04 21:28:57 MST 2020] - INFO client.Client: 	Connection opened to server
[Wed Mar 04 21:28:57 MST 2020] - INFO client.Client: 	Setting request method to POST
[Wed Mar 04 21:28:57 MST 2020] - INFO client.Client: 	Request method set to POST
[Wed Mar 04 21:28:57 MST 2020] - INFO client.Client: 	Setting Do Output to true
[Wed Mar 04 21:28:57 MST 2020] - INFO client.Client: 	Do Output set to true
[Wed Mar 04 21:28:57 MST 2020] - INFO client.Client: 	Connecting to server
[Wed Mar 04 21:28:58 MST 2020] - INFO passoff.ServerTest: 	Setting up Fill 2 Valid Test...
[Wed Mar 04 21:28:58 MST 2020] - INFO client.Proxy: 	Clear called
[Wed Mar 04 21:28:58 MST 2020] - INFO client.Client: 	Post without Request Body called
[Wed Mar 04 21:28:58 MST 2020] - INFO client.Client: 	Attempting to open connection to server
[Wed Mar 04 21:28:58 MST 2020] - INFO client.Client: 	Connection opened to server
[Wed Mar 04 21:28:58 MST 2020] - INFO client.Client: 	Setting request method to POST
[Wed Mar 04 21:28:58 MST 2020] - INFO client.Client: 	Request method set to POST
[Wed Mar 04 21:28:58 MST 2020] - INFO client.Client: 	Setting Do Output to true
[Wed Mar 04 21:28:58 MST 2020] - INFO client.Client: 	Do Output set to true
[Wed Mar 04 21:28:58 MST 2020] - INFO client.Client: 	Connecting to server
[Wed Mar 04 21:28:59 MST 2020] - INFO passoff.ServerTest: 	Setting up Fill 4 Valid Test...
[Wed Mar 04 21:28:59 MST 2020] - INFO client.Proxy: 	Clear called
[Wed Mar 04 21:28:59 MST 2020] - INFO client.Client: 	Post without Request Body called
[Wed Mar 04 21:28:59 MST 2020] - INFO client.Client: 	Attempting to open connection to server
[Wed Mar 04 21:28:59 MST 2020] - INFO client.Client: 	Connection opened to server
[Wed Mar 04 21:28:59 MST 2020] - INFO client.Client: 	Setting request method to POST
[Wed Mar 04 21:28:59 MST 2020] - INFO client.Client: 	Request method set to POST
[Wed Mar 04 21:28:59 MST 2020] - INFO client.Client: 	Setting Do Output to true
[Wed Mar 04 21:28:59 MST 2020] - INFO client.Client: 	Do Output set to true
[Wed Mar 04 21:28:59 MST 2020] - INFO client.Client: 	Connecting to server
[Wed Mar 04 21:29:00 MST 2020] - INFO passoff.ServerTest: 	Setting up Fill 5 Valid Test...
[Wed Mar 04 21:29:00 MST 2020] - INFO client.Proxy: 	Clear called
[Wed Mar 04 21:29:00 MST 2020] - INFO client.Client: 	Post without Request Body called
[Wed Mar 04 21:29:00 MST 2020] - INFO client.Client: 	Attempting to open connection to server
[Wed Mar 04 21:29:00 MST 2020] - INFO client.Client: 	Connection opened to server
[Wed Mar 04 21:29:00 MST 2020] - INFO client.Client: 	Setting request method to POST
[Wed Mar 04 21:29:00 MST 2020] - INFO client.Client: 	Request method set to POST
[Wed Mar 04 21:29:00 MST 2020] - INFO client.Client: 	Setting Do Output to true
[Wed Mar 04 21:29:00 MST 2020] - INFO client.Client: 	Do Output set to true
[Wed Mar 04 21:29:00 MST 2020] - INFO client.Client: 	Connecting to server
[Wed Mar 04 21:29:01 MST 2020] - INFO passoff.ServerTest: 	Setting up Persons Valid Test...
[Wed Mar 04 21:29:01 MST 2020] - INFO client.Proxy: 	Clear called
[Wed Mar 04 21:29:01 MST 2020] - INFO client.Client: 	Post without Request Body called
[Wed Mar 04 21:29:01 MST 2020] - INFO client.Client: 	Attempting to open connection to server
[Wed Mar 04 21:29:01 MST 2020] - INFO client.Client: 	Connection opened to server
[Wed Mar 04 21:29:01 MST 2020] - INFO client.Client: 	Setting request method to POST
[Wed Mar 04 21:29:01 MST 2020] - INFO client.Client: 	Request method set to POST
[Wed Mar 04 21:29:01 MST 2020] - INFO client.Client: 	Setting Do Output to true
[Wed Mar 04 21:29:01 MST 2020] - INFO client.Client: 	Do Output set to true
[Wed Mar 04 21:29:01 MST 2020] - INFO client.Client: 	Connecting to server
[Wed Mar 04 21:29:02 MST 2020] - INFO passoff.ServerTest: 	Setting up Load Valid Test...
[Wed Mar 04 21:29:02 MST 2020] - INFO client.Proxy: 	Clear called
[Wed Mar 04 21:29:02 MST 2020] - INFO client.Client: 	Post without Request Body called
[Wed Mar 04 21:29:02 MST 2020] - INFO client.Client: 	Attempting to open connection to server
[Wed Mar 04 21:29:02 MST 2020] - INFO client.Client: 	Connection opened to server
[Wed Mar 04 21:29:02 MST 2020] - INFO client.Client: 	Setting request method to POST
[Wed Mar 04 21:29:02 MST 2020] - INFO client.Client: 	Request method set to POST
[Wed Mar 04 21:29:02 MST 2020] - INFO client.Client: 	Setting Do Output to true
[Wed Mar 04 21:29:02 MST 2020] - INFO client.Client: 	Do Output set to true
[Wed Mar 04 21:29:02 MST 2020] - INFO client.Client: 	Connecting to server
[Wed Mar 04 21:29:03 MST 2020] - INFO passoff.ServerTest: 	Setting up Re-Register User Test...
[Wed Mar 04 21:29:03 MST 2020] - INFO client.Proxy: 	Clear called
[Wed Mar 04 21:29:03 MST 2020] - INFO client.Client: 	Post without Request Body called
[Wed Mar 04 21:29:03 MST 2020] - INFO client.Client: 	Attempting to open connection to server
[Wed Mar 04 21:29:03 MST 2020] - INFO client.Client: 	Connection opened to server
[Wed Mar 04 21:29:03 MST 2020] - INFO client.Client: 	Setting request method to POST
[Wed Mar 04 21:29:03 MST 2020] - INFO client.Client: 	Request method set to POST
[Wed Mar 04 21:29:03 MST 2020] - INFO client.Client: 	Setting Do Output to true
[Wed Mar 04 21:29:03 MST 2020] - INFO client.Client: 	Do Output set to true
[Wed Mar 04 21:29:03 MST 2020] - INFO client.Client: 	Connecting to server
[Wed Mar 04 21:29:04 MST 2020] - INFO passoff.ServerTest: 	Setting up Login Invalid Password Test...
[Wed Mar 04 21:29:04 MST 2020] - INFO client.Proxy: 	Clear called
[Wed Mar 04 21:29:04 MST 2020] - INFO client.Client: 	Post without Request Body called
[Wed Mar 04 21:29:04 MST 2020] - INFO client.Client: 	Attempting to open connection to server
[Wed Mar 04 21:29:04 MST 2020] - INFO client.Client: 	Connection opened to server
[Wed Mar 04 21:29:04 MST 2020] - INFO client.Client: 	Setting request method to POST
[Wed Mar 04 21:29:04 MST 2020] - INFO client.Client: 	Request method set to POST
[Wed Mar 04 21:29:04 MST 2020] - INFO client.Client: 	Setting Do Output to true
[Wed Mar 04 21:29:04 MST 2020] - INFO client.Client: 	Do Output set to true
[Wed Mar 04 21:29:04 MST 2020] - INFO client.Client: 	Connecting to server
[Wed Mar 04 21:29:05 MST 2020] - INFO passoff.ServerTest: 	Setting up model.Event Wrong User Test...
[Wed Mar 04 21:29:05 MST 2020] - INFO client.Proxy: 	Clear called
[Wed Mar 04 21:29:05 MST 2020] - INFO client.Client: 	Post without Request Body called
[Wed Mar 04 21:29:05 MST 2020] - INFO client.Client: 	Attempting to open connection to server
[Wed Mar 04 21:29:05 MST 2020] - INFO client.Client: 	Connection opened to server
[Wed Mar 04 21:29:05 MST 2020] - INFO client.Client: 	Setting request method to POST
[Wed Mar 04 21:29:05 MST 2020] - INFO client.Client: 	Request method set to POST
[Wed Mar 04 21:29:05 MST 2020] - INFO client.Client: 	Setting Do Output to true
[Wed Mar 04 21:29:05 MST 2020] - INFO client.Client: 	Do Output set to true
[Wed Mar 04 21:29:05 MST 2020] - INFO client.Client: 	Connecting to server
[Wed Mar 04 21:29:06 MST 2020] - INFO passoff.ServerTest: 	Setting up Realistic Fill Birth Test...
[Wed Mar 04 21:29:06 MST 2020] - INFO client.Proxy: 	Clear called
[Wed Mar 04 21:29:06 MST 2020] - INFO client.Client: 	Post without Request Body called
[Wed Mar 04 21:29:06 MST 2020] - INFO client.Client: 	Attempting to open connection to server
[Wed Mar 04 21:29:06 MST 2020] - INFO client.Client: 	Connection opened to server
[Wed Mar 04 21:29:06 MST 2020] - INFO client.Client: 	Setting request method to POST
[Wed Mar 04 21:29:06 MST 2020] - INFO client.Client: 	Request method set to POST
[Wed Mar 04 21:29:06 MST 2020] - INFO client.Client: 	Setting Do Output to true
[Wed Mar 04 21:29:06 MST 2020] - INFO client.Client: 	Do Output set to true
[Wed Mar 04 21:29:06 MST 2020] - INFO client.Client: 	Connecting to server
[Wed Mar 04 21:29:07 MST 2020] - INFO passoff.ServerTest: 	Setting up Events Valid Test...
[Wed Mar 04 21:29:07 MST 2020] - INFO client.Proxy: 	Clear called
[Wed Mar 04 21:29:07 MST 2020] - INFO client.Client: 	Post without Request Body called
[Wed Mar 04 21:29:07 MST 2020] - INFO client.Client: 	Attempting to open connection to server
[Wed Mar 04 21:29:07 MST 2020] - INFO client.Client: 	Connection opened to server
[Wed Mar 04 21:29:07 MST 2020] - INFO client.Client: 	Setting request method to POST
[Wed Mar 04 21:29:07 MST 2020] - INFO client.Client: 	Request method set to POST
[Wed Mar 04 21:29:07 MST 2020] - INFO client.Client: 	Setting Do Output to true
[Wed Mar 04 21:29:07 MST 2020] - INFO client.Client: 	Do Output set to true
[Wed Mar 04 21:29:07 MST 2020] - INFO client.Client: 	Connecting to server
[Wed Mar 04 21:29:08 MST 2020] - INFO passoff.ServerTest: 	Setting up model.Person Valid Test...
[Wed Mar 04 21:29:08 MST 2020] - INFO client.Proxy: 	Clear called
[Wed Mar 04 21:29:08 MST 2020] - INFO client.Client: 	Post without Request Body called
[Wed Mar 04 21:29:08 MST 2020] - INFO client.Client: 	Attempting to open connection to server
[Wed Mar 04 21:29:08 MST 2020] - INFO client.Client: 	Connection opened to server
[Wed Mar 04 21:29:08 MST 2020] - INFO client.Client: 	Setting request method to POST
[Wed Mar 04 21:29:08 MST 2020] - INFO client.Client: 	Request method set to POST
[Wed Mar 04 21:29:08 MST 2020] - INFO client.Client: 	Setting Do Output to true
[Wed Mar 04 21:29:08 MST 2020] - INFO client.Client: 	Do Output set to true
[Wed Mar 04 21:29:08 MST 2020] - INFO client.Client: 	Connecting to server
[Wed Mar 04 21:29:09 MST 2020] - INFO passoff.ServerTest: 	Setting up Register Valid New User Test...
[Wed Mar 04 21:29:09 MST 2020] - INFO client.Proxy: 	Clear called
[Wed Mar 04 21:29:09 MST 2020] - INFO client.Client: 	Post without Request Body called
[Wed Mar 04 21:29:09 MST 2020] - INFO client.Client: 	Attempting to open connection to server
[Wed Mar 04 21:29:09 MST 2020] - INFO client.Client: 	Connection opened to server
[Wed Mar 04 21:29:09 MST 2020] - INFO client.Client: 	Setting request method to POST
[Wed Mar 04 21:29:09 MST 2020] - INFO client.Client: 	Request method set to POST
[Wed Mar 04 21:29:09 MST 2020] - INFO client.Client: 	Setting Do Output to true
[Wed Mar 04 21:29:09 MST 2020] - INFO client.Client: 	Do Output set to true
[Wed Mar 04 21:29:09 MST 2020] - INFO client.Client: 	Connecting to server
[Wed Mar 04 21:29:10 MST 2020] - INFO passoff.ServerTest: 	Setting up File Handler 404 Test...
[Wed Mar 04 21:29:10 MST 2020] - INFO client.Proxy: 	Clear called
[Wed Mar 04 21:29:10 MST 2020] - INFO client.Client: 	Post without Request Body called
[Wed Mar 04 21:29:10 MST 2020] - INFO client.Client: 	Attempting to open connection to server
[Wed Mar 04 21:29:10 MST 2020] - INFO client.Client: 	Connection opened to server
[Wed Mar 04 21:29:10 MST 2020] - INFO client.Client: 	Setting request method to POST
[Wed Mar 04 21:29:10 MST 2020] - INFO client.Client: 	Request method set to POST
[Wed Mar 04 21:29:10 MST 2020] - INFO client.Client: 	Setting Do Output to true
[Wed Mar 04 21:29:10 MST 2020] - INFO client.Client: 	Do Output set to true
[Wed Mar 04 21:29:10 MST 2020] - INFO client.Client: 	Connecting to server
[Wed Mar 04 21:29:11 MST 2020] - INFO passoff.ServerTest: 	Setting up File Handler Test...
[Wed Mar 04 21:29:11 MST 2020] - INFO client.Proxy: 	Clear called
[Wed Mar 04 21:29:11 MST 2020] - INFO client.Client: 	Post without Request Body called
[Wed Mar 04 21:29:11 MST 2020] - INFO client.Client: 	Attempting to open connection to server
[Wed Mar 04 21:29:11 MST 2020] - INFO client.Client: 	Connection opened to server
[Wed Mar 04 21:29:11 MST 2020] - INFO client.Client: 	Setting request method to POST
[Wed Mar 04 21:29:11 MST 2020] - INFO client.Client: 	Request method set to POST
[Wed Mar 04 21:29:11 MST 2020] - INFO client.Client: 	Setting Do Output to true
[Wed Mar 04 21:29:11 MST 2020] - INFO client.Client: 	Do Output set to true
[Wed Mar 04 21:29:11 MST 2020] - INFO client.Client: 	Connecting to server
[Wed Mar 04 21:29:12 MST 2020] - INFO passoff.ServerTest: 	Setting up Persons Bad Auth Token Test...
[Wed Mar 04 21:29:12 MST 2020] - INFO client.Proxy: 	Clear called
[Wed Mar 04 21:29:12 MST 2020] - INFO client.Client: 	Post without Request Body called
[Wed Mar 04 21:29:12 MST 2020] - INFO client.Client: 	Attempting to open connection to server
[Wed Mar 04 21:29:12 MST 2020] - INFO client.Client: 	Connection opened to server
[Wed Mar 04 21:29:12 MST 2020] - INFO client.Client: 	Setting request method to POST
[Wed Mar 04 21:29:12 MST 2020] - INFO client.Client: 	Request method set to POST
[Wed Mar 04 21:29:12 MST 2020] - INFO client.Client: 	Setting Do Output to true
[Wed Mar 04 21:29:12 MST 2020] - INFO client.Client: 	Do Output set to true
[Wed Mar 04 21:29:12 MST 2020] - INFO client.Client: 	Connecting to server
[Wed Mar 04 21:29:13 MST 2020] - INFO passoff.ServerTest: 	Setting up Fill Does Not Affect Other model.Users Test...
[Wed Mar 04 21:29:13 MST 2020] - INFO client.Proxy: 	Clear called
[Wed Mar 04 21:29:13 MST 2020] - INFO client.Client: 	Post without Request Body called
[Wed Mar 04 21:29:13 MST 2020] - INFO client.Client: 	Attempting to open connection to server
[Wed Mar 04 21:29:13 MST 2020] - INFO client.Client: 	Connection opened to server
[Wed Mar 04 21:29:13 MST 2020] - INFO client.Client: 	Setting request method to POST
[Wed Mar 04 21:29:13 MST 2020] - INFO client.Client: 	Request method set to POST
[Wed Mar 04 21:29:13 MST 2020] - INFO client.Client: 	Setting Do Output to true
[Wed Mar 04 21:29:13 MST 2020] - INFO client.Client: 	Do Output set to true
[Wed Mar 04 21:29:13 MST 2020] - INFO client.Client: 	Connecting to server
[Wed Mar 04 21:29:14 MST 2020] - INFO passoff.ServerTest: 	Setting up Login Valid User Test...
[Wed Mar 04 21:29:14 MST 2020] - INFO client.Proxy: 	Clear called
[Wed Mar 04 21:29:14 MST 2020] - INFO client.Client: 	Post without Request Body called
[Wed Mar 04 21:29:14 MST 2020] - INFO client.Client: 	Attempting to open connection to server
[Wed Mar 04 21:29:14 MST 2020] - INFO client.Client: 	Connection opened to server
[Wed Mar 04 21:29:14 MST 2020] - INFO client.Client: 	Setting request method to POST
[Wed Mar 04 21:29:14 MST 2020] - INFO client.Client: 	Request method set to POST
[Wed Mar 04 21:29:14 MST 2020] - INFO client.Client: 	Setting Do Output to true
[Wed Mar 04 21:29:14 MST 2020] - INFO client.Client: 	Do Output set to true
[Wed Mar 04 21:29:14 MST 2020] - INFO client.Client: 	Connecting to server
